<?xml version="1.0" encoding="UTF-8"?>
<testsuite xmlns:xsi="http://www.w3.org/2001/XMLSchema-instance" xsi:noNamespaceSchemaLocation="https://maven.apache.org/surefire/maven-surefire-plugin/xsd/surefire-test-report-3.0.xsd" version="3.0" name="com.ucms.certificate.ProjectInitializationTest" time="7.927" tests="1" errors="0" skipped="0" failures="0">
  <properties>
[...]
</properties>
  <testcase name="contextLoads" classname="com.ucms.certificate.ProjectInitializationTest" time="1.46">
    <system-out><![CDATA[
  .   ____          _            __ _ _
 /\\ / ___'_ __ _ _(_)_ __  __ _ \ \ \ \
( ( )\___ | '_ | '_| | '_ \/ _` | \ \ \ \
 \\/  ___)| |_)| | | | | || (_| |  ) ) ) )
  '  |____| .__|_| |_|_| |_\__, | / / / /
 =========|_|==============|___/=/_/_/_/

 :: Spring Boot ::                (v3.3.2)

2026-01-27 17:24:08.323 [main] INFO  com.ucms.certificate.ProjectInitializationTest - Starting ProjectInitializationTest using Java 17.0.9 with PID 7928 (started by SongDi in D:\NewLand\UCMS\backend)
2026-01-27 17:24:08.329 [main] INFO  com.ucms.certificate.ProjectInitializationTest - No active profile set, falling back to 1 default profile: "default"
2026-01-27 17:24:09.718 [main] DEBUG c.b.m.autoconfigure.MybatisPlusAutoConfiguration - Searching for mappers annotated with @Mapper
2026-01-27 17:24:09.718 [main] DEBUG c.b.m.autoconfigure.MybatisPlusAutoConfiguration - Using auto-configuration base package 'com.newland.ucms.certificate'
Logging initialized using 'class org.apache.ibatis.logging.stdout.StdOutImpl' adapter.
2026-01-27 17:24:11.084 [main] DEBUG c.b.m.e.spring.MybatisSqlSessionFactoryBean - Parsed mapper file: 'file [D:\NewLand\UCMS\backend\target\classes\mapper\ScopeConfigMapper.xml]'
Get /172.26.112.1 network interface 
Get network interface info: name:eth9 (Hyper-V Virtual Ethernet Adapter)
Initialization Sequence datacenterId:6 workerId:30
 _ _   |_  _ _|_. ___ _ |    _ 
| | |\/|_)(_| | |_\  |_)||_|_\ 
     /               |         
                        3.5.7 
2026-01-27 17:24:12.336 [main] DEBUG c.b.m.autoconfigure.MybatisPlusAutoConfiguration - Not found configuration for registering mapper bean using @MapperScan, MapperFactoryBean and MapperScannerConfigurer.
2026-01-27 17:24:12.373 [main] INFO  com.zaxxer.hikari.HikariDataSource - HikariPool-1 - Starting...
2026-01-27 17:24:12.875 [main] INFO  com.zaxxer.hikari.pool.HikariPool - HikariPool-1 - Added connection conn0: url=jdbc:h2:mem:testdb user=SA
2026-01-27 17:24:12.879 [main] INFO  com.zaxxer.hikari.HikariDataSource - HikariPool-1 - Start completed.
2026-01-27 17:24:12.903 [main] INFO  o.s.b.autoconfigure.h2.H2ConsoleAutoConfiguration - H2 console available at '/h2-console'. Database available at 'jdbc:h2:mem:testdb'
2026-01-27 17:24:13.061 [main] INFO  com.ucms.certificate.ProjectInitializationTest - Started ProjectInitializationTest in 5.481 seconds (process running for 7.473)
]]></system-out>
  </testcase>
</testsuite>