<?xml version="1.0" encoding="UTF-8"?>
<testsuite xmlns:xsi="http://www.w3.org/2001/XMLSchema-instance" xsi:noNamespaceSchemaLocation="https://maven.apache.org/surefire/maven-surefire-plugin/xsd/surefire-test-report-3.0.xsd" version="3.0" name="com.ucms.certificate.config.DatabaseConnectionTest" time="8.75" tests="7" errors="6" skipped="0" failures="0">
  <properties>
[...]
</properties>
  <testcase name="testDatabaseConnection" classname="com.ucms.certificate.config.DatabaseConnectionTest" time="1.736">
    <error message="&#10;### Error querying database.  Cause: org.h2.jdbc.JdbcSQLSyntaxErrorException: Table &quot;UCMS_CERTIFICATE_TYPE&quot; not found (this database is empty); SQL statement:&#10;SELECT   id,cert_type_code,cert_type_name,status   FROM UCMS_CERTIFICATE_TYPE  WHERE is_deleted=0     AND (status = ?) [42104-224]&#10;### The error may exist in com/newland/ucms/certificate/mapper/CertificateTypeMapper.java (best guess)&#10;### The error may involve com.newland.ucms.certificate.mapper.CertificateTypeMapper.selectList&#10;### The error occurred while executing a query&#10;### SQL: SELECT   id,cert_type_code,cert_type_name,status   FROM UCMS_CERTIFICATE_TYPE  WHERE is_deleted=0     AND (status = ?)&#10;### Cause: org.h2.jdbc.JdbcSQLSyntaxErrorException: Table &quot;UCMS_CERTIFICATE_TYPE&quot; not found (this database is empty); SQL statement:&#10;SELECT   id,cert_type_code,cert_type_name,status   FROM UCMS_CERTIFICATE_TYPE  WHERE is_deleted=0     AND (status = ?) [42104-224]&#10;; bad SQL grammar []" type="org.springframework.jdbc.BadSqlGrammarException"><![CDATA[org.springframework.jdbc.BadSqlGrammarException: 

### Error querying database.  Cause: org.h2.jdbc.JdbcSQLSyntaxErrorException: Table "UCMS_CERTIFICATE_TYPE" not found (this database is empty); SQL statement:
SELECT   id,cert_type_code,cert_type_name,status   FROM UCMS_CERTIFICATE_TYPE  WHERE is_deleted=0     AND (status = ?) [42104-224]
### The error may exist in com/newland/ucms/certificate/mapper/CertificateTypeMapper.java (best guess)
### The error may involve com.newland.ucms.certificate.mapper.CertificateTypeMapper.selectList
### The error occurred while executing a query
### SQL: SELECT   id,cert_type_code,cert_type_name,status   FROM UCMS_CERTIFICATE_TYPE  WHERE is_deleted=0     AND (status = ?)
### Cause: org.h2.jdbc.JdbcSQLSyntaxErrorException: Table "UCMS_CERTIFICATE_TYPE" not found (this database is empty); SQL statement:
SELECT   id,cert_type_code,cert_type_name,status   FROM UCMS_CERTIFICATE_TYPE  WHERE is_deleted=0     AND (status = ?) [42104-224]
; bad SQL grammar []
	at org.springframework.jdbc.support.SQLExceptionSubclassTranslator.doTranslate(SQLExceptionSubclassTranslator.java:103)
	at org.springframework.jdbc.support.AbstractFallbackSQLExceptionTranslator.translate(AbstractFallbackSQLExceptionTranslator.java:107)
	at org.springframework.jdbc.support.AbstractFallbackSQLExceptionTranslator.translate(AbstractFallbackSQLExceptionTranslator.java:116)
	at org.mybatis.spring.MyBatisExceptionTranslator.translateExceptionIfPossible(MyBatisExceptionTranslator.java:92)
	at org.mybatis.spring.SqlSessionTemplate$SqlSessionInterceptor.invoke(SqlSessionTemplate.java:439)
	at jdk.proxy2/jdk.proxy2.$Proxy79.selectList(Unknown Source)
	at org.mybatis.spring.SqlSessionTemplate.selectList(SqlSessionTemplate.java:224)
	at com.baomidou.mybatisplus.core.override.MybatisMapperMethod.executeForMany(MybatisMapperMethod.java:164)
	at com.baomidou.mybatisplus.core.override.MybatisMapperMethod.execute(MybatisMapperMethod.java:77)
	at com.baomidou.mybatisplus.core.override.MybatisMapperProxy$PlainMethodInvoker.invoke(MybatisMapperProxy.java:152)
	at com.baomidou.mybatisplus.core.override.MybatisMapperProxy.invoke(MybatisMapperProxy.java:89)
	at jdk.proxy2/jdk.proxy2.$Proxy80.selectList(Unknown Source)
	at com.baomidou.mybatisplus.core.mapper.BaseMapper.selectOne(BaseMapper.java:306)
	at java.base/java.lang.invoke.MethodHandle.invokeWithArguments(MethodHandle.java:732)
	at com.baomidou.mybatisplus.core.override.MybatisMapperProxy$DefaultMethodInvoker.invoke(MybatisMapperProxy.java:166)
	at com.baomidou.mybatisplus.core.override.MybatisMapperProxy.invoke(MybatisMapperProxy.java:89)
	at jdk.proxy2/jdk.proxy2.$Proxy80.selectOne(Unknown Source)
	at com.baomidou.mybatisplus.core.mapper.BaseMapper.selectOne(BaseMapper.java:295)
	at java.base/java.lang.invoke.MethodHandle.invokeWithArguments(MethodHandle.java:732)
	at com.baomidou.mybatisplus.core.override.MybatisMapperProxy$DefaultMethodInvoker.invoke(MybatisMapperProxy.java:166)
	at com.baomidou.mybatisplus.core.override.MybatisMapperProxy.invoke(MybatisMapperProxy.java:89)
	at jdk.proxy2/jdk.proxy2.$Proxy80.selectOne(Unknown Source)
	at com.ucms.certificate.config.DatabaseConnectionTest.testDatabaseConnection(DatabaseConnectionTest.java:58)
	at java.base/java.lang.reflect.Method.invoke(Method.java:568)
	at java.base/java.util.ArrayList.forEach(ArrayList.java:1511)
	at java.base/java.util.ArrayList.forEach(ArrayList.java:1511)
Caused by: org.h2.jdbc.JdbcSQLSyntaxErrorException: Table "UCMS_CERTIFICATE_TYPE" not found (this database is empty); SQL statement:
SELECT   id,cert_type_code,cert_type_name,status   FROM UCMS_CERTIFICATE_TYPE  WHERE is_deleted=0     AND (status = ?) [42104-224]
	at org.h2.message.DbException.getJdbcSQLException(DbException.java:514)
	at org.h2.message.DbException.getJdbcSQLException(DbException.java:489)
	at org.h2.message.DbException.get(DbException.java:223)
	at org.h2.message.DbException.get(DbException.java:199)
	at org.h2.command.Parser.getTableOrViewNotFoundDbException(Parser.java:8051)
	at org.h2.command.Parser.getTableOrViewNotFoundDbException(Parser.java:8035)
	at org.h2.command.Parser.readTableOrView(Parser.java:8024)
	at org.h2.command.Parser.readTablePrimary(Parser.java:1788)
	at org.h2.command.Parser.readTableReference(Parser.java:2268)
	at org.h2.command.Parser.parseSelectFromPart(Parser.java:2718)
	at org.h2.command.Parser.parseSelect(Parser.java:2824)
	at org.h2.command.Parser.parseQueryPrimary(Parser.java:2708)
	at org.h2.command.Parser.parseQueryTerm(Parser.java:2564)
	at org.h2.command.Parser.parseQueryExpressionBody(Parser.java:2543)
	at org.h2.command.Parser.parseQueryExpressionBodyAndEndOfQuery(Parser.java:2536)
	at org.h2.command.Parser.parseQueryExpression(Parser.java:2529)
	at org.h2.command.Parser.parseQuery(Parser.java:2498)
	at org.h2.command.Parser.parsePrepared(Parser.java:627)
	at org.h2.command.Parser.parse(Parser.java:592)
	at org.h2.command.Parser.parse(Parser.java:564)
	at org.h2.command.Parser.prepareCommand(Parser.java:483)
	at org.h2.engine.SessionLocal.prepareLocal(SessionLocal.java:639)
	at org.h2.engine.SessionLocal.prepareCommand(SessionLocal.java:559)
	at org.h2.jdbc.JdbcConnection.prepareCommand(JdbcConnection.java:1166)
	at org.h2.jdbc.JdbcPreparedStatement.<init>(JdbcPreparedStatement.java:93)
	at org.h2.jdbc.JdbcConnection.prepareStatement(JdbcConnection.java:316)
	at com.zaxxer.hikari.pool.ProxyConnection.prepareStatement(ProxyConnection.java:328)
	at com.zaxxer.hikari.pool.HikariProxyConnection.prepareStatement(HikariProxyConnection.java)
	at java.base/jdk.internal.reflect.NativeMethodAccessorImpl.invoke0(Native Method)
	at java.base/jdk.internal.reflect.NativeMethodAccessorImpl.invoke(NativeMethodAccessorImpl.java:77)
	at java.base/jdk.internal.reflect.DelegatingMethodAccessorImpl.invoke(DelegatingMethodAccessorImpl.java:43)
	at java.base/java.lang.reflect.Method.invoke(Method.java:568)
	at org.apache.ibatis.logging.jdbc.ConnectionLogger.invoke(ConnectionLogger.java:53)
	at jdk.proxy3/jdk.proxy3.$Proxy97.prepareStatement(Unknown Source)
	at org.apache.ibatis.executor.statement.PreparedStatementHandler.instantiateStatement(PreparedStatementHandler.java:88)
	at org.apache.ibatis.executor.statement.BaseStatementHandler.prepare(BaseStatementHandler.java:90)
	at org.apache.ibatis.executor.statement.RoutingStatementHandler.prepare(RoutingStatementHandler.java:60)
	at org.apache.ibatis.executor.SimpleExecutor.prepareStatement(SimpleExecutor.java:90)
	at org.apache.ibatis.executor.SimpleExecutor.doQuery(SimpleExecutor.java:64)
	at org.apache.ibatis.executor.BaseExecutor.queryFromDatabase(BaseExecutor.java:336)
	at org.apache.ibatis.executor.BaseExecutor.query(BaseExecutor.java:158)
	at org.apache.ibatis.executor.CachingExecutor.query(CachingExecutor.java:110)
	at org.apache.ibatis.executor.CachingExecutor.query(CachingExecutor.java:90)
	at org.apache.ibatis.session.defaults.DefaultSqlSession.selectList(DefaultSqlSession.java:154)
	at org.apache.ibatis.session.defaults.DefaultSqlSession.selectList(DefaultSqlSession.java:147)
	at org.apache.ibatis.session.defaults.DefaultSqlSession.selectList(DefaultSqlSession.java:142)
	at java.base/jdk.internal.reflect.NativeMethodAccessorImpl.invoke0(Native Method)
	at java.base/jdk.internal.reflect.NativeMethodAccessorImpl.invoke(NativeMethodAccessorImpl.java:77)
	at java.base/jdk.internal.reflect.DelegatingMethodAccessorImpl.invoke(DelegatingMethodAccessorImpl.java:43)
	at java.base/java.lang.reflect.Method.invoke(Method.java:568)
	at org.mybatis.spring.SqlSessionTemplate$SqlSessionInterceptor.invoke(SqlSessionTemplate.java:425)
	... 21 more
]]></error>
    <system-out><![CDATA[
  .   ____          _            __ _ _
 /\\ / ___'_ __ _ _(_)_ __  __ _ \ \ \ \
( ( )\___ | '_ | '_| | '_ \/ _` | \ \ \ \
 \\/  ___)| |_)| | | | | || (_| |  ) ) ) )
  '  |____| .__|_| |_|_| |_\__, | / / / /
 =========|_|==============|___/=/_/_/_/

 :: Spring Boot ::                (v3.3.2)

2026-01-27 18:01:13.203 [main] INFO  c.ucms.certificate.config.DatabaseConnectionTest - Starting DatabaseConnectionTest using Java 17.0.9 with PID 10620 (started by SongDi in D:\NewLand\UCMS\backend)
2026-01-27 18:01:13.209 [main] INFO  c.ucms.certificate.config.DatabaseConnectionTest - No active profile set, falling back to 1 default profile: "default"
2026-01-27 18:01:14.560 [main] DEBUG c.b.m.autoconfigure.MybatisPlusAutoConfiguration - Searching for mappers annotated with @Mapper
2026-01-27 18:01:14.561 [main] DEBUG c.b.m.autoconfigure.MybatisPlusAutoConfiguration - Using auto-configuration base package 'com.newland.ucms.certificate'
Logging initialized using 'class org.apache.ibatis.logging.stdout.StdOutImpl' adapter.
2026-01-27 18:01:15.944 [main] DEBUG c.b.m.e.spring.MybatisSqlSessionFactoryBean - Parsed mapper file: 'file [D:\NewLand\UCMS\backend\target\classes\mapper\ScopeConfigMapper.xml]'
Get /172.26.112.1 network interface 
Get network interface info: name:eth9 (Hyper-V Virtual Ethernet Adapter)
Initialization Sequence datacenterId:6 workerId:31
 _ _   |_  _ _|_. ___ _ |    _ 
| | |\/|_)(_| | |_\  |_)||_|_\ 
     /               |         
                        3.5.7 
2026-01-27 18:01:17.353 [main] DEBUG c.b.m.autoconfigure.MybatisPlusAutoConfiguration - Not found configuration for registering mapper bean using @MapperScan, MapperFactoryBean and MapperScannerConfigurer.
2026-01-27 18:01:17.391 [main] INFO  com.zaxxer.hikari.HikariDataSource - HikariPool-1 - Starting...
2026-01-27 18:01:17.901 [main] INFO  com.zaxxer.hikari.pool.HikariPool - HikariPool-1 - Added connection conn0: url=jdbc:h2:mem:testdb user=SA
2026-01-27 18:01:17.905 [main] INFO  com.zaxxer.hikari.HikariDataSource - HikariPool-1 - Start completed.
2026-01-27 18:01:17.923 [main] INFO  o.s.b.autoconfigure.h2.H2ConsoleAutoConfiguration - H2 console available at '/h2-console'. Database available at 'jdbc:h2:mem:testdb'
2026-01-27 18:01:18.027 [main] INFO  c.ucms.certificate.config.DatabaseConnectionTest - Started DatabaseConnectionTest in 5.666 seconds (process running for 8.003)
Creating a new SqlSession
SqlSession [org.apache.ibatis.session.defaults.DefaultSqlSession@6423fba7] was not registered for synchronization because synchronization is not active
JDBC Connection [HikariProxyConnection@1317059128 wrapping conn0: url=jdbc:h2:mem:testdb user=SA] will not be managed by Spring
==>  Preparing: SELECT id,cert_type_code,cert_type_name,status FROM UCMS_CERTIFICATE_TYPE WHERE is_deleted=0 AND (status = ?)
Closing non transactional SqlSession [org.apache.ibatis.session.defaults.DefaultSqlSession@6423fba7]
]]></system-out>
  </testcase>
  <testcase name="testScopeConfigQuery" classname="com.ucms.certificate.config.DatabaseConnectionTest" time="0.014">
    <error message="&#10;### Error querying database.  Cause: org.h2.jdbc.JdbcSQLSyntaxErrorException: Table &quot;UCMS_SCOPE_CONFIG&quot; not found (this database is empty); SQL statement:&#10;SELECT COUNT( * ) AS total FROM UCMS_SCOPE_CONFIG  WHERE is_deleted=0     AND (status = ? AND is_deleted = ?) [42104-224]&#10;### The error may exist in com/newland/ucms/certificate/mapper/ScopeConfigMapper.java (best guess)&#10;### The error may involve com.newland.ucms.certificate.mapper.ScopeConfigMapper.selectCount&#10;### The error occurred while executing a query&#10;### SQL: SELECT COUNT( * ) AS total FROM UCMS_SCOPE_CONFIG  WHERE is_deleted=0     AND (status = ? AND is_deleted = ?)&#10;### Cause: org.h2.jdbc.JdbcSQLSyntaxErrorException: Table &quot;UCMS_SCOPE_CONFIG&quot; not found (this database is empty); SQL statement:&#10;SELECT COUNT( * ) AS total FROM UCMS_SCOPE_CONFIG  WHERE is_deleted=0     AND (status = ? AND is_deleted = ?) [42104-224]&#10;; bad SQL grammar []" type="org.springframework.jdbc.BadSqlGrammarException"><![CDATA[org.springframework.jdbc.BadSqlGrammarException: 

### Error querying database.  Cause: org.h2.jdbc.JdbcSQLSyntaxErrorException: Table "UCMS_SCOPE_CONFIG" not found (this database is empty); SQL statement:
SELECT COUNT( * ) AS total FROM UCMS_SCOPE_CONFIG  WHERE is_deleted=0     AND (status = ? AND is_deleted = ?) [42104-224]
### The error may exist in com/newland/ucms/certificate/mapper/ScopeConfigMapper.java (best guess)
### The error may involve com.newland.ucms.certificate.mapper.ScopeConfigMapper.selectCount
### The error occurred while executing a query
### SQL: SELECT COUNT( * ) AS total FROM UCMS_SCOPE_CONFIG  WHERE is_deleted=0     AND (status = ? AND is_deleted = ?)
### Cause: org.h2.jdbc.JdbcSQLSyntaxErrorException: Table "UCMS_SCOPE_CONFIG" not found (this database is empty); SQL statement:
SELECT COUNT( * ) AS total FROM UCMS_SCOPE_CONFIG  WHERE is_deleted=0     AND (status = ? AND is_deleted = ?) [42104-224]
; bad SQL grammar []
	at org.springframework.jdbc.support.SQLExceptionSubclassTranslator.doTranslate(SQLExceptionSubclassTranslator.java:103)
	at org.springframework.jdbc.support.AbstractFallbackSQLExceptionTranslator.translate(AbstractFallbackSQLExceptionTranslator.java:107)
	at org.springframework.jdbc.support.AbstractFallbackSQLExceptionTranslator.translate(AbstractFallbackSQLExceptionTranslator.java:116)
	at org.mybatis.spring.MyBatisExceptionTranslator.translateExceptionIfPossible(MyBatisExceptionTranslator.java:92)
	at org.mybatis.spring.SqlSessionTemplate$SqlSessionInterceptor.invoke(SqlSessionTemplate.java:439)
	at jdk.proxy2/jdk.proxy2.$Proxy79.selectOne(Unknown Source)
	at org.mybatis.spring.SqlSessionTemplate.selectOne(SqlSessionTemplate.java:160)
	at com.baomidou.mybatisplus.core.override.MybatisMapperMethod.execute(MybatisMapperMethod.java:87)
	at com.baomidou.mybatisplus.core.override.MybatisMapperProxy$PlainMethodInvoker.invoke(MybatisMapperProxy.java:152)
	at com.baomidou.mybatisplus.core.override.MybatisMapperProxy.invoke(MybatisMapperProxy.java:89)
	at jdk.proxy2/jdk.proxy2.$Proxy88.selectCount(Unknown Source)
	at com.ucms.certificate.config.DatabaseConnectionTest.testScopeConfigQuery(DatabaseConnectionTest.java:114)
	at java.base/java.lang.reflect.Method.invoke(Method.java:568)
	at java.base/java.util.ArrayList.forEach(ArrayList.java:1511)
	at java.base/java.util.ArrayList.forEach(ArrayList.java:1511)
Caused by: org.h2.jdbc.JdbcSQLSyntaxErrorException: Table "UCMS_SCOPE_CONFIG" not found (this database is empty); SQL statement:
SELECT COUNT( * ) AS total FROM UCMS_SCOPE_CONFIG  WHERE is_deleted=0     AND (status = ? AND is_deleted = ?) [42104-224]
	at org.h2.message.DbException.getJdbcSQLException(DbException.java:514)
	at org.h2.message.DbException.getJdbcSQLException(DbException.java:489)
	at org.h2.message.DbException.get(DbException.java:223)
	at org.h2.message.DbException.get(DbException.java:199)
	at org.h2.command.Parser.getTableOrViewNotFoundDbException(Parser.java:8051)
	at org.h2.command.Parser.getTableOrViewNotFoundDbException(Parser.java:8035)
	at org.h2.command.Parser.readTableOrView(Parser.java:8024)
	at org.h2.command.Parser.readTablePrimary(Parser.java:1788)
	at org.h2.command.Parser.readTableReference(Parser.java:2268)
	at org.h2.command.Parser.parseSelectFromPart(Parser.java:2718)
	at org.h2.command.Parser.parseSelect(Parser.java:2824)
	at org.h2.command.Parser.parseQueryPrimary(Parser.java:2708)
	at org.h2.command.Parser.parseQueryTerm(Parser.java:2564)
	at org.h2.command.Parser.parseQueryExpressionBody(Parser.java:2543)
	at org.h2.command.Parser.parseQueryExpressionBodyAndEndOfQuery(Parser.java:2536)
	at org.h2.command.Parser.parseQueryExpression(Parser.java:2529)
	at org.h2.command.Parser.parseQuery(Parser.java:2498)
	at org.h2.command.Parser.parsePrepared(Parser.java:627)
	at org.h2.command.Parser.parse(Parser.java:592)
	at org.h2.command.Parser.parse(Parser.java:564)
	at org.h2.command.Parser.prepareCommand(Parser.java:483)
	at org.h2.engine.SessionLocal.prepareLocal(SessionLocal.java:639)
	at org.h2.engine.SessionLocal.prepareCommand(SessionLocal.java:559)
	at org.h2.jdbc.JdbcConnection.prepareCommand(JdbcConnection.java:1166)
	at org.h2.jdbc.JdbcPreparedStatement.<init>(JdbcPreparedStatement.java:93)
	at org.h2.jdbc.JdbcConnection.prepareStatement(JdbcConnection.java:316)
	at com.zaxxer.hikari.pool.ProxyConnection.prepareStatement(ProxyConnection.java:328)
	at com.zaxxer.hikari.pool.HikariProxyConnection.prepareStatement(HikariProxyConnection.java)
	at java.base/jdk.internal.reflect.NativeMethodAccessorImpl.invoke0(Native Method)
	at java.base/jdk.internal.reflect.NativeMethodAccessorImpl.invoke(NativeMethodAccessorImpl.java:77)
	at java.base/jdk.internal.reflect.DelegatingMethodAccessorImpl.invoke(DelegatingMethodAccessorImpl.java:43)
	at java.base/java.lang.reflect.Method.invoke(Method.java:568)
	at org.apache.ibatis.logging.jdbc.ConnectionLogger.invoke(ConnectionLogger.java:53)
	at jdk.proxy3/jdk.proxy3.$Proxy97.prepareStatement(Unknown Source)
	at org.apache.ibatis.executor.statement.PreparedStatementHandler.instantiateStatement(PreparedStatementHandler.java:88)
	at org.apache.ibatis.executor.statement.BaseStatementHandler.prepare(BaseStatementHandler.java:90)
	at org.apache.ibatis.executor.statement.RoutingStatementHandler.prepare(RoutingStatementHandler.java:60)
	at org.apache.ibatis.executor.SimpleExecutor.prepareStatement(SimpleExecutor.java:90)
	at org.apache.ibatis.executor.SimpleExecutor.doQuery(SimpleExecutor.java:64)
	at org.apache.ibatis.executor.BaseExecutor.queryFromDatabase(BaseExecutor.java:336)
	at org.apache.ibatis.executor.BaseExecutor.query(BaseExecutor.java:158)
	at org.apache.ibatis.executor.CachingExecutor.query(CachingExecutor.java:110)
	at org.apache.ibatis.executor.CachingExecutor.query(CachingExecutor.java:90)
	at org.apache.ibatis.session.defaults.DefaultSqlSession.selectList(DefaultSqlSession.java:154)
	at org.apache.ibatis.session.defaults.DefaultSqlSession.selectList(DefaultSqlSession.java:147)
	at org.apache.ibatis.session.defaults.DefaultSqlSession.selectList(DefaultSqlSession.java:142)
	at org.apache.ibatis.session.defaults.DefaultSqlSession.selectOne(DefaultSqlSession.java:75)
	at java.base/jdk.internal.reflect.NativeMethodAccessorImpl.invoke0(Native Method)
	at java.base/jdk.internal.reflect.NativeMethodAccessorImpl.invoke(NativeMethodAccessorImpl.java:77)
	at java.base/jdk.internal.reflect.DelegatingMethodAccessorImpl.invoke(DelegatingMethodAccessorImpl.java:43)
	at java.base/java.lang.reflect.Method.invoke(Method.java:568)
	at org.mybatis.spring.SqlSessionTemplate$SqlSessionInterceptor.invoke(SqlSessionTemplate.java:425)
	... 10 more
]]></error>
    <system-out><![CDATA[Creating a new SqlSession
SqlSession [org.apache.ibatis.session.defaults.DefaultSqlSession@7e13b83c] was not registered for synchronization because synchronization is not active
JDBC Connection [HikariProxyConnection@1073067560 wrapping conn0: url=jdbc:h2:mem:testdb user=SA] will not be managed by Spring
==>  Preparing: SELECT COUNT( * ) AS total FROM UCMS_SCOPE_CONFIG WHERE is_deleted=0 AND (status = ? AND is_deleted = ?)
Closing non transactional SqlSession [org.apache.ibatis.session.defaults.DefaultSqlSession@7e13b83c]
]]></system-out>
  </testcase>
  <testcase name="testFieldLibraryQuery" classname="com.ucms.certificate.config.DatabaseConnectionTest" time="0.006">
    <error message="&#10;### Error querying database.  Cause: org.h2.jdbc.JdbcSQLSyntaxErrorException: Table &quot;UCMS_FIELD_LIBRARY&quot; not found (this database is empty); SQL statement:&#10;SELECT COUNT( * ) AS total FROM UCMS_FIELD_LIBRARY  WHERE is_deleted=0 [42104-224]&#10;### The error may exist in com/newland/ucms/certificate/mapper/FieldLibraryMapper.java (best guess)&#10;### The error may involve com.newland.ucms.certificate.mapper.FieldLibraryMapper.selectCount&#10;### The error occurred while executing a query&#10;### SQL: SELECT COUNT( * ) AS total FROM UCMS_FIELD_LIBRARY  WHERE is_deleted=0&#10;### Cause: org.h2.jdbc.JdbcSQLSyntaxErrorException: Table &quot;UCMS_FIELD_LIBRARY&quot; not found (this database is empty); SQL statement:&#10;SELECT COUNT( * ) AS total FROM UCMS_FIELD_LIBRARY  WHERE is_deleted=0 [42104-224]&#10;; bad SQL grammar []" type="org.springframework.jdbc.BadSqlGrammarException"><![CDATA[org.springframework.jdbc.BadSqlGrammarException: 

### Error querying database.  Cause: org.h2.jdbc.JdbcSQLSyntaxErrorException: Table "UCMS_FIELD_LIBRARY" not found (this database is empty); SQL statement:
SELECT COUNT( * ) AS total FROM UCMS_FIELD_LIBRARY  WHERE is_deleted=0 [42104-224]
### The error may exist in com/newland/ucms/certificate/mapper/FieldLibraryMapper.java (best guess)
### The error may involve com.newland.ucms.certificate.mapper.FieldLibraryMapper.selectCount
### The error occurred while executing a query
### SQL: SELECT COUNT( * ) AS total FROM UCMS_FIELD_LIBRARY  WHERE is_deleted=0
### Cause: org.h2.jdbc.JdbcSQLSyntaxErrorException: Table "UCMS_FIELD_LIBRARY" not found (this database is empty); SQL statement:
SELECT COUNT( * ) AS total FROM UCMS_FIELD_LIBRARY  WHERE is_deleted=0 [42104-224]
; bad SQL grammar []
	at org.springframework.jdbc.support.SQLExceptionSubclassTranslator.doTranslate(SQLExceptionSubclassTranslator.java:103)
	at org.springframework.jdbc.support.AbstractFallbackSQLExceptionTranslator.translate(AbstractFallbackSQLExceptionTranslator.java:107)
	at org.springframework.jdbc.support.AbstractFallbackSQLExceptionTranslator.translate(AbstractFallbackSQLExceptionTranslator.java:116)
	at org.mybatis.spring.MyBatisExceptionTranslator.translateExceptionIfPossible(MyBatisExceptionTranslator.java:92)
	at org.mybatis.spring.SqlSessionTemplate$SqlSessionInterceptor.invoke(SqlSessionTemplate.java:439)
	at jdk.proxy2/jdk.proxy2.$Proxy79.selectOne(Unknown Source)
	at org.mybatis.spring.SqlSessionTemplate.selectOne(SqlSessionTemplate.java:160)
	at com.baomidou.mybatisplus.core.override.MybatisMapperMethod.execute(MybatisMapperMethod.java:87)
	at com.baomidou.mybatisplus.core.override.MybatisMapperProxy$PlainMethodInvoker.invoke(MybatisMapperProxy.java:152)
	at com.baomidou.mybatisplus.core.override.MybatisMapperProxy.invoke(MybatisMapperProxy.java:89)
	at jdk.proxy2/jdk.proxy2.$Proxy83.selectCount(Unknown Source)
	at com.ucms.certificate.config.DatabaseConnectionTest.testFieldLibraryQuery(DatabaseConnectionTest.java:67)
	at java.base/java.lang.reflect.Method.invoke(Method.java:568)
	at java.base/java.util.ArrayList.forEach(ArrayList.java:1511)
	at java.base/java.util.ArrayList.forEach(ArrayList.java:1511)
Caused by: org.h2.jdbc.JdbcSQLSyntaxErrorException: Table "UCMS_FIELD_LIBRARY" not found (this database is empty); SQL statement:
SELECT COUNT( * ) AS total FROM UCMS_FIELD_LIBRARY  WHERE is_deleted=0 [42104-224]
	at org.h2.message.DbException.getJdbcSQLException(DbException.java:514)
	at org.h2.message.DbException.getJdbcSQLException(DbException.java:489)
	at org.h2.message.DbException.get(DbException.java:223)
	at org.h2.message.DbException.get(DbException.java:199)
	at org.h2.command.Parser.getTableOrViewNotFoundDbException(Parser.java:8051)
	at org.h2.command.Parser.getTableOrViewNotFoundDbException(Parser.java:8035)
	at org.h2.command.Parser.readTableOrView(Parser.java:8024)
	at org.h2.command.Parser.readTablePrimary(Parser.java:1788)
	at org.h2.command.Parser.readTableReference(Parser.java:2268)
	at org.h2.command.Parser.parseSelectFromPart(Parser.java:2718)
	at org.h2.command.Parser.parseSelect(Parser.java:2824)
	at org.h2.command.Parser.parseQueryPrimary(Parser.java:2708)
	at org.h2.command.Parser.parseQueryTerm(Parser.java:2564)
	at org.h2.command.Parser.parseQueryExpressionBody(Parser.java:2543)
	at org.h2.command.Parser.parseQueryExpressionBodyAndEndOfQuery(Parser.java:2536)
	at org.h2.command.Parser.parseQueryExpression(Parser.java:2529)
	at org.h2.command.Parser.parseQuery(Parser.java:2498)
	at org.h2.command.Parser.parsePrepared(Parser.java:627)
	at org.h2.command.Parser.parse(Parser.java:592)
	at org.h2.command.Parser.parse(Parser.java:564)
	at org.h2.command.Parser.prepareCommand(Parser.java:483)
	at org.h2.engine.SessionLocal.prepareLocal(SessionLocal.java:639)
	at org.h2.engine.SessionLocal.prepareCommand(SessionLocal.java:559)
	at org.h2.jdbc.JdbcConnection.prepareCommand(JdbcConnection.java:1166)
	at org.h2.jdbc.JdbcPreparedStatement.<init>(JdbcPreparedStatement.java:93)
	at org.h2.jdbc.JdbcConnection.prepareStatement(JdbcConnection.java:316)
	at com.zaxxer.hikari.pool.ProxyConnection.prepareStatement(ProxyConnection.java:328)
	at com.zaxxer.hikari.pool.HikariProxyConnection.prepareStatement(HikariProxyConnection.java)
	at java.base/jdk.internal.reflect.NativeMethodAccessorImpl.invoke0(Native Method)
	at java.base/jdk.internal.reflect.NativeMethodAccessorImpl.invoke(NativeMethodAccessorImpl.java:77)
	at java.base/jdk.internal.reflect.DelegatingMethodAccessorImpl.invoke(DelegatingMethodAccessorImpl.java:43)
	at java.base/java.lang.reflect.Method.invoke(Method.java:568)
	at org.apache.ibatis.logging.jdbc.ConnectionLogger.invoke(ConnectionLogger.java:53)
	at jdk.proxy3/jdk.proxy3.$Proxy97.prepareStatement(Unknown Source)
	at org.apache.ibatis.executor.statement.PreparedStatementHandler.instantiateStatement(PreparedStatementHandler.java:88)
	at org.apache.ibatis.executor.statement.BaseStatementHandler.prepare(BaseStatementHandler.java:90)
	at org.apache.ibatis.executor.statement.RoutingStatementHandler.prepare(RoutingStatementHandler.java:60)
	at org.apache.ibatis.executor.SimpleExecutor.prepareStatement(SimpleExecutor.java:90)
	at org.apache.ibatis.executor.SimpleExecutor.doQuery(SimpleExecutor.java:64)
	at org.apache.ibatis.executor.BaseExecutor.queryFromDatabase(BaseExecutor.java:336)
	at org.apache.ibatis.executor.BaseExecutor.query(BaseExecutor.java:158)
	at org.apache.ibatis.executor.CachingExecutor.query(CachingExecutor.java:110)
	at org.apache.ibatis.executor.CachingExecutor.query(CachingExecutor.java:90)
	at org.apache.ibatis.session.defaults.DefaultSqlSession.selectList(DefaultSqlSession.java:154)
	at org.apache.ibatis.session.defaults.DefaultSqlSession.selectList(DefaultSqlSession.java:147)
	at org.apache.ibatis.session.defaults.DefaultSqlSession.selectList(DefaultSqlSession.java:142)
	at org.apache.ibatis.session.defaults.DefaultSqlSession.selectOne(DefaultSqlSession.java:75)
	at java.base/jdk.internal.reflect.NativeMethodAccessorImpl.invoke0(Native Method)
	at java.base/jdk.internal.reflect.NativeMethodAccessorImpl.invoke(NativeMethodAccessorImpl.java:77)
	at java.base/jdk.internal.reflect.DelegatingMethodAccessorImpl.invoke(DelegatingMethodAccessorImpl.java:43)
	at java.base/java.lang.reflect.Method.invoke(Method.java:568)
	at org.mybatis.spring.SqlSessionTemplate$SqlSessionInterceptor.invoke(SqlSessionTemplate.java:425)
	... 10 more
]]></error>
    <system-out><![CDATA[Creating a new SqlSession
SqlSession [org.apache.ibatis.session.defaults.DefaultSqlSession@2e4f3c14] was not registered for synchronization because synchronization is not active
JDBC Connection [HikariProxyConnection@471877153 wrapping conn0: url=jdbc:h2:mem:testdb user=SA] will not be managed by Spring
==>  Preparing: SELECT COUNT( * ) AS total FROM UCMS_FIELD_LIBRARY WHERE is_deleted=0
Closing non transactional SqlSession [org.apache.ibatis.session.defaults.DefaultSqlSession@2e4f3c14]
]]></system-out>
  </testcase>
  <testcase name="testCertificateTypeFieldQuery" classname="com.ucms.certificate.config.DatabaseConnectionTest" time="0.005">
    <error message="&#10;### Error querying database.  Cause: org.h2.jdbc.JdbcSQLSyntaxErrorException: Table &quot;UCMS_CERTIFICATE_TYPE_FIELD&quot; not found (this database is empty); SQL statement:&#10;SELECT COUNT( * ) AS total FROM UCMS_CERTIFICATE_TYPE_FIELD  WHERE is_deleted=0     AND (cert_type_code = ? AND is_deleted = ?) [42104-224]&#10;### The error may exist in com/newland/ucms/certificate/mapper/CertificateTypeFieldMapper.java (best guess)&#10;### The error may involve com.newland.ucms.certificate.mapper.CertificateTypeFieldMapper.selectCount&#10;### The error occurred while executing a query&#10;### SQL: SELECT COUNT( * ) AS total FROM UCMS_CERTIFICATE_TYPE_FIELD  WHERE is_deleted=0     AND (cert_type_code = ? AND is_deleted = ?)&#10;### Cause: org.h2.jdbc.JdbcSQLSyntaxErrorException: Table &quot;UCMS_CERTIFICATE_TYPE_FIELD&quot; not found (this database is empty); SQL statement:&#10;SELECT COUNT( * ) AS total FROM UCMS_CERTIFICATE_TYPE_FIELD  WHERE is_deleted=0     AND (cert_type_code = ? AND is_deleted = ?) [42104-224]&#10;; bad SQL grammar []" type="org.springframework.jdbc.BadSqlGrammarException"><![CDATA[org.springframework.jdbc.BadSqlGrammarException: 

### Error querying database.  Cause: org.h2.jdbc.JdbcSQLSyntaxErrorException: Table "UCMS_CERTIFICATE_TYPE_FIELD" not found (this database is empty); SQL statement:
SELECT COUNT( * ) AS total FROM UCMS_CERTIFICATE_TYPE_FIELD  WHERE is_deleted=0     AND (cert_type_code = ? AND is_deleted = ?) [42104-224]
### The error may exist in com/newland/ucms/certificate/mapper/CertificateTypeFieldMapper.java (best guess)
### The error may involve com.newland.ucms.certificate.mapper.CertificateTypeFieldMapper.selectCount
### The error occurred while executing a query
### SQL: SELECT COUNT( * ) AS total FROM UCMS_CERTIFICATE_TYPE_FIELD  WHERE is_deleted=0     AND (cert_type_code = ? AND is_deleted = ?)
### Cause: org.h2.jdbc.JdbcSQLSyntaxErrorException: Table "UCMS_CERTIFICATE_TYPE_FIELD" not found (this database is empty); SQL statement:
SELECT COUNT( * ) AS total FROM UCMS_CERTIFICATE_TYPE_FIELD  WHERE is_deleted=0     AND (cert_type_code = ? AND is_deleted = ?) [42104-224]
; bad SQL grammar []
	at org.springframework.jdbc.support.SQLExceptionSubclassTranslator.doTranslate(SQLExceptionSubclassTranslator.java:103)
	at org.springframework.jdbc.support.AbstractFallbackSQLExceptionTranslator.translate(AbstractFallbackSQLExceptionTranslator.java:107)
	at org.springframework.jdbc.support.AbstractFallbackSQLExceptionTranslator.translate(AbstractFallbackSQLExceptionTranslator.java:116)
	at org.mybatis.spring.MyBatisExceptionTranslator.translateExceptionIfPossible(MyBatisExceptionTranslator.java:92)
	at org.mybatis.spring.SqlSessionTemplate$SqlSessionInterceptor.invoke(SqlSessionTemplate.java:439)
	at jdk.proxy2/jdk.proxy2.$Proxy79.selectOne(Unknown Source)
	at org.mybatis.spring.SqlSessionTemplate.selectOne(SqlSessionTemplate.java:160)
	at com.baomidou.mybatisplus.core.override.MybatisMapperMethod.execute(MybatisMapperMethod.java:87)
	at com.baomidou.mybatisplus.core.override.MybatisMapperProxy$PlainMethodInvoker.invoke(MybatisMapperProxy.java:152)
	at com.baomidou.mybatisplus.core.override.MybatisMapperProxy.invoke(MybatisMapperProxy.java:89)
	at jdk.proxy2/jdk.proxy2.$Proxy81.selectCount(Unknown Source)
	at com.ucms.certificate.config.DatabaseConnectionTest.testCertificateTypeFieldQuery(DatabaseConnectionTest.java:79)
	at java.base/java.lang.reflect.Method.invoke(Method.java:568)
	at java.base/java.util.ArrayList.forEach(ArrayList.java:1511)
	at java.base/java.util.ArrayList.forEach(ArrayList.java:1511)
Caused by: org.h2.jdbc.JdbcSQLSyntaxErrorException: Table "UCMS_CERTIFICATE_TYPE_FIELD" not found (this database is empty); SQL statement:
SELECT COUNT( * ) AS total FROM UCMS_CERTIFICATE_TYPE_FIELD  WHERE is_deleted=0     AND (cert_type_code = ? AND is_deleted = ?) [42104-224]
	at org.h2.message.DbException.getJdbcSQLException(DbException.java:514)
	at org.h2.message.DbException.getJdbcSQLException(DbException.java:489)
	at org.h2.message.DbException.get(DbException.java:223)
	at org.h2.message.DbException.get(DbException.java:199)
	at org.h2.command.Parser.getTableOrViewNotFoundDbException(Parser.java:8051)
	at org.h2.command.Parser.getTableOrViewNotFoundDbException(Parser.java:8035)
	at org.h2.command.Parser.readTableOrView(Parser.java:8024)
	at org.h2.command.Parser.readTablePrimary(Parser.java:1788)
	at org.h2.command.Parser.readTableReference(Parser.java:2268)
	at org.h2.command.Parser.parseSelectFromPart(Parser.java:2718)
	at org.h2.command.Parser.parseSelect(Parser.java:2824)
	at org.h2.command.Parser.parseQueryPrimary(Parser.java:2708)
	at org.h2.command.Parser.parseQueryTerm(Parser.java:2564)
	at org.h2.command.Parser.parseQueryExpressionBody(Parser.java:2543)
	at org.h2.command.Parser.parseQueryExpressionBodyAndEndOfQuery(Parser.java:2536)
	at org.h2.command.Parser.parseQueryExpression(Parser.java:2529)
	at org.h2.command.Parser.parseQuery(Parser.java:2498)
	at org.h2.command.Parser.parsePrepared(Parser.java:627)
	at org.h2.command.Parser.parse(Parser.java:592)
	at org.h2.command.Parser.parse(Parser.java:564)
	at org.h2.command.Parser.prepareCommand(Parser.java:483)
	at org.h2.engine.SessionLocal.prepareLocal(SessionLocal.java:639)
	at org.h2.engine.SessionLocal.prepareCommand(SessionLocal.java:559)
	at org.h2.jdbc.JdbcConnection.prepareCommand(JdbcConnection.java:1166)
	at org.h2.jdbc.JdbcPreparedStatement.<init>(JdbcPreparedStatement.java:93)
	at org.h2.jdbc.JdbcConnection.prepareStatement(JdbcConnection.java:316)
	at com.zaxxer.hikari.pool.ProxyConnection.prepareStatement(ProxyConnection.java:328)
	at com.zaxxer.hikari.pool.HikariProxyConnection.prepareStatement(HikariProxyConnection.java)
	at java.base/jdk.internal.reflect.NativeMethodAccessorImpl.invoke0(Native Method)
	at java.base/jdk.internal.reflect.NativeMethodAccessorImpl.invoke(NativeMethodAccessorImpl.java:77)
	at java.base/jdk.internal.reflect.DelegatingMethodAccessorImpl.invoke(DelegatingMethodAccessorImpl.java:43)
	at java.base/java.lang.reflect.Method.invoke(Method.java:568)
	at org.apache.ibatis.logging.jdbc.ConnectionLogger.invoke(ConnectionLogger.java:53)
	at jdk.proxy3/jdk.proxy3.$Proxy97.prepareStatement(Unknown Source)
	at org.apache.ibatis.executor.statement.PreparedStatementHandler.instantiateStatement(PreparedStatementHandler.java:88)
	at org.apache.ibatis.executor.statement.BaseStatementHandler.prepare(BaseStatementHandler.java:90)
	at org.apache.ibatis.executor.statement.RoutingStatementHandler.prepare(RoutingStatementHandler.java:60)
	at org.apache.ibatis.executor.SimpleExecutor.prepareStatement(SimpleExecutor.java:90)
	at org.apache.ibatis.executor.SimpleExecutor.doQuery(SimpleExecutor.java:64)
	at org.apache.ibatis.executor.BaseExecutor.queryFromDatabase(BaseExecutor.java:336)
	at org.apache.ibatis.executor.BaseExecutor.query(BaseExecutor.java:158)
	at org.apache.ibatis.executor.CachingExecutor.query(CachingExecutor.java:110)
	at org.apache.ibatis.executor.CachingExecutor.query(CachingExecutor.java:90)
	at org.apache.ibatis.session.defaults.DefaultSqlSession.selectList(DefaultSqlSession.java:154)
	at org.apache.ibatis.session.defaults.DefaultSqlSession.selectList(DefaultSqlSession.java:147)
	at org.apache.ibatis.session.defaults.DefaultSqlSession.selectList(DefaultSqlSession.java:142)
	at org.apache.ibatis.session.defaults.DefaultSqlSession.selectOne(DefaultSqlSession.java:75)
	at java.base/jdk.internal.reflect.NativeMethodAccessorImpl.invoke0(Native Method)
	at java.base/jdk.internal.reflect.NativeMethodAccessorImpl.invoke(NativeMethodAccessorImpl.java:77)
	at java.base/jdk.internal.reflect.DelegatingMethodAccessorImpl.invoke(DelegatingMethodAccessorImpl.java:43)
	at java.base/java.lang.reflect.Method.invoke(Method.java:568)
	at org.mybatis.spring.SqlSessionTemplate$SqlSessionInterceptor.invoke(SqlSessionTemplate.java:425)
	... 10 more
]]></error>
    <system-out><![CDATA[Creating a new SqlSession
SqlSession [org.apache.ibatis.session.defaults.DefaultSqlSession@608df685] was not registered for synchronization because synchronization is not active
JDBC Connection [HikariProxyConnection@2122491387 wrapping conn0: url=jdbc:h2:mem:testdb user=SA] will not be managed by Spring
==>  Preparing: SELECT COUNT( * ) AS total FROM UCMS_CERTIFICATE_TYPE_FIELD WHERE is_deleted=0 AND (cert_type_code = ? AND is_deleted = ?)
Closing non transactional SqlSession [org.apache.ibatis.session.defaults.DefaultSqlSession@608df685]
]]></system-out>
  </testcase>
  <testcase name="testValidationRuleConfigQuery" classname="com.ucms.certificate.config.DatabaseConnectionTest" time="0.006">
    <error message="&#10;### Error querying database.  Cause: org.h2.jdbc.JdbcSQLSyntaxErrorException: Table &quot;UCMS_VALIDATION_RULE_CONFIG&quot; not found (this database is empty); SQL statement:&#10;SELECT COUNT( * ) AS total FROM UCMS_VALIDATION_RULE_CONFIG  WHERE is_deleted=0     AND (status = ? AND is_deleted = ?) [42104-224]&#10;### The error may exist in com/newland/ucms/certificate/mapper/ValidationRuleConfigMapper.java (best guess)&#10;### The error may involve com.newland.ucms.certificate.mapper.ValidationRuleConfigMapper.selectCount&#10;### The error occurred while executing a query&#10;### SQL: SELECT COUNT( * ) AS total FROM UCMS_VALIDATION_RULE_CONFIG  WHERE is_deleted=0     AND (status = ? AND is_deleted = ?)&#10;### Cause: org.h2.jdbc.JdbcSQLSyntaxErrorException: Table &quot;UCMS_VALIDATION_RULE_CONFIG&quot; not found (this database is empty); SQL statement:&#10;SELECT COUNT( * ) AS total FROM UCMS_VALIDATION_RULE_CONFIG  WHERE is_deleted=0     AND (status = ? AND is_deleted = ?) [42104-224]&#10;; bad SQL grammar []" type="org.springframework.jdbc.BadSqlGrammarException"><![CDATA[org.springframework.jdbc.BadSqlGrammarException: 

### Error querying database.  Cause: org.h2.jdbc.JdbcSQLSyntaxErrorException: Table "UCMS_VALIDATION_RULE_CONFIG" not found (this database is empty); SQL statement:
SELECT COUNT( * ) AS total FROM UCMS_VALIDATION_RULE_CONFIG  WHERE is_deleted=0     AND (status = ? AND is_deleted = ?) [42104-224]
### The error may exist in com/newland/ucms/certificate/mapper/ValidationRuleConfigMapper.java (best guess)
### The error may involve com.newland.ucms.certificate.mapper.ValidationRuleConfigMapper.selectCount
### The error occurred while executing a query
### SQL: SELECT COUNT( * ) AS total FROM UCMS_VALIDATION_RULE_CONFIG  WHERE is_deleted=0     AND (status = ? AND is_deleted = ?)
### Cause: org.h2.jdbc.JdbcSQLSyntaxErrorException: Table "UCMS_VALIDATION_RULE_CONFIG" not found (this database is empty); SQL statement:
SELECT COUNT( * ) AS total FROM UCMS_VALIDATION_RULE_CONFIG  WHERE is_deleted=0     AND (status = ? AND is_deleted = ?) [42104-224]
; bad SQL grammar []
	at org.springframework.jdbc.support.SQLExceptionSubclassTranslator.doTranslate(SQLExceptionSubclassTranslator.java:103)
	at org.springframework.jdbc.support.AbstractFallbackSQLExceptionTranslator.translate(AbstractFallbackSQLExceptionTranslator.java:107)
	at org.springframework.jdbc.support.AbstractFallbackSQLExceptionTranslator.translate(AbstractFallbackSQLExceptionTranslator.java:116)
	at org.mybatis.spring.MyBatisExceptionTranslator.translateExceptionIfPossible(MyBatisExceptionTranslator.java:92)
	at org.mybatis.spring.SqlSessionTemplate$SqlSessionInterceptor.invoke(SqlSessionTemplate.java:439)
	at jdk.proxy2/jdk.proxy2.$Proxy79.selectOne(Unknown Source)
	at org.mybatis.spring.SqlSessionTemplate.selectOne(SqlSessionTemplate.java:160)
	at com.baomidou.mybatisplus.core.override.MybatisMapperMethod.execute(MybatisMapperMethod.java:87)
	at com.baomidou.mybatisplus.core.override.MybatisMapperProxy$PlainMethodInvoker.invoke(MybatisMapperProxy.java:152)
	at com.baomidou.mybatisplus.core.override.MybatisMapperProxy.invoke(MybatisMapperProxy.java:89)
	at jdk.proxy2/jdk.proxy2.$Proxy89.selectCount(Unknown Source)
	at com.ucms.certificate.config.DatabaseConnectionTest.testValidationRuleConfigQuery(DatabaseConnectionTest.java:91)
	at java.base/java.lang.reflect.Method.invoke(Method.java:568)
	at java.base/java.util.ArrayList.forEach(ArrayList.java:1511)
	at java.base/java.util.ArrayList.forEach(ArrayList.java:1511)
Caused by: org.h2.jdbc.JdbcSQLSyntaxErrorException: Table "UCMS_VALIDATION_RULE_CONFIG" not found (this database is empty); SQL statement:
SELECT COUNT( * ) AS total FROM UCMS_VALIDATION_RULE_CONFIG  WHERE is_deleted=0     AND (status = ? AND is_deleted = ?) [42104-224]
	at org.h2.message.DbException.getJdbcSQLException(DbException.java:514)
	at org.h2.message.DbException.getJdbcSQLException(DbException.java:489)
	at org.h2.message.DbException.get(DbException.java:223)
	at org.h2.message.DbException.get(DbException.java:199)
	at org.h2.command.Parser.getTableOrViewNotFoundDbException(Parser.java:8051)
	at org.h2.command.Parser.getTableOrViewNotFoundDbException(Parser.java:8035)
	at org.h2.command.Parser.readTableOrView(Parser.java:8024)
	at org.h2.command.Parser.readTablePrimary(Parser.java:1788)
	at org.h2.command.Parser.readTableReference(Parser.java:2268)
	at org.h2.command.Parser.parseSelectFromPart(Parser.java:2718)
	at org.h2.command.Parser.parseSelect(Parser.java:2824)
	at org.h2.command.Parser.parseQueryPrimary(Parser.java:2708)
	at org.h2.command.Parser.parseQueryTerm(Parser.java:2564)
	at org.h2.command.Parser.parseQueryExpressionBody(Parser.java:2543)
	at org.h2.command.Parser.parseQueryExpressionBodyAndEndOfQuery(Parser.java:2536)
	at org.h2.command.Parser.parseQueryExpression(Parser.java:2529)
	at org.h2.command.Parser.parseQuery(Parser.java:2498)
	at org.h2.command.Parser.parsePrepared(Parser.java:627)
	at org.h2.command.Parser.parse(Parser.java:592)
	at org.h2.command.Parser.parse(Parser.java:564)
	at org.h2.command.Parser.prepareCommand(Parser.java:483)
	at org.h2.engine.SessionLocal.prepareLocal(SessionLocal.java:639)
	at org.h2.engine.SessionLocal.prepareCommand(SessionLocal.java:559)
	at org.h2.jdbc.JdbcConnection.prepareCommand(JdbcConnection.java:1166)
	at org.h2.jdbc.JdbcPreparedStatement.<init>(JdbcPreparedStatement.java:93)
	at org.h2.jdbc.JdbcConnection.prepareStatement(JdbcConnection.java:316)
	at com.zaxxer.hikari.pool.ProxyConnection.prepareStatement(ProxyConnection.java:328)
	at com.zaxxer.hikari.pool.HikariProxyConnection.prepareStatement(HikariProxyConnection.java)
	at java.base/jdk.internal.reflect.NativeMethodAccessorImpl.invoke0(Native Method)
	at java.base/jdk.internal.reflect.NativeMethodAccessorImpl.invoke(NativeMethodAccessorImpl.java:77)
	at java.base/jdk.internal.reflect.DelegatingMethodAccessorImpl.invoke(DelegatingMethodAccessorImpl.java:43)
	at java.base/java.lang.reflect.Method.invoke(Method.java:568)
	at org.apache.ibatis.logging.jdbc.ConnectionLogger.invoke(ConnectionLogger.java:53)
	at jdk.proxy3/jdk.proxy3.$Proxy97.prepareStatement(Unknown Source)
	at org.apache.ibatis.executor.statement.PreparedStatementHandler.instantiateStatement(PreparedStatementHandler.java:88)
	at org.apache.ibatis.executor.statement.BaseStatementHandler.prepare(BaseStatementHandler.java:90)
	at org.apache.ibatis.executor.statement.RoutingStatementHandler.prepare(RoutingStatementHandler.java:60)
	at org.apache.ibatis.executor.SimpleExecutor.prepareStatement(SimpleExecutor.java:90)
	at org.apache.ibatis.executor.SimpleExecutor.doQuery(SimpleExecutor.java:64)
	at org.apache.ibatis.executor.BaseExecutor.queryFromDatabase(BaseExecutor.java:336)
	at org.apache.ibatis.executor.BaseExecutor.query(BaseExecutor.java:158)
	at org.apache.ibatis.executor.CachingExecutor.query(CachingExecutor.java:110)
	at org.apache.ibatis.executor.CachingExecutor.query(CachingExecutor.java:90)
	at org.apache.ibatis.session.defaults.DefaultSqlSession.selectList(DefaultSqlSession.java:154)
	at org.apache.ibatis.session.defaults.DefaultSqlSession.selectList(DefaultSqlSession.java:147)
	at org.apache.ibatis.session.defaults.DefaultSqlSession.selectList(DefaultSqlSession.java:142)
	at org.apache.ibatis.session.defaults.DefaultSqlSession.selectOne(DefaultSqlSession.java:75)
	at java.base/jdk.internal.reflect.NativeMethodAccessorImpl.invoke0(Native Method)
	at java.base/jdk.internal.reflect.NativeMethodAccessorImpl.invoke(NativeMethodAccessorImpl.java:77)
	at java.base/jdk.internal.reflect.DelegatingMethodAccessorImpl.invoke(DelegatingMethodAccessorImpl.java:43)
	at java.base/java.lang.reflect.Method.invoke(Method.java:568)
	at org.mybatis.spring.SqlSessionTemplate$SqlSessionInterceptor.invoke(SqlSessionTemplate.java:425)
	... 10 more
]]></error>
    <system-out><![CDATA[Creating a new SqlSession
SqlSession [org.apache.ibatis.session.defaults.DefaultSqlSession@2668c100] was not registered for synchronization because synchronization is not active
JDBC Connection [HikariProxyConnection@1303250251 wrapping conn0: url=jdbc:h2:mem:testdb user=SA] will not be managed by Spring
==>  Preparing: SELECT COUNT( * ) AS total FROM UCMS_VALIDATION_RULE_CONFIG WHERE is_deleted=0 AND (status = ? AND is_deleted = ?)
Closing non transactional SqlSession [org.apache.ibatis.session.defaults.DefaultSqlSession@2668c100]
]]></system-out>
  </testcase>
  <testcase name="contextLoads" classname="com.ucms.certificate.config.DatabaseConnectionTest" time="0.102"/>
  <testcase name="testValidationRuleItemQuery" classname="com.ucms.certificate.config.DatabaseConnectionTest" time="0.005">
    <error message="&#10;### Error querying database.  Cause: org.h2.jdbc.JdbcSQLSyntaxErrorException: Table &quot;UCMS_VALIDATION_RULE_ITEM&quot; not found (this database is empty); SQL statement:&#10;SELECT COUNT( * ) AS total FROM UCMS_VALIDATION_RULE_ITEM  WHERE is_deleted=0     AND (is_deleted = ?) [42104-224]&#10;### The error may exist in com/newland/ucms/certificate/mapper/ValidationRuleItemMapper.java (best guess)&#10;### The error may involve com.newland.ucms.certificate.mapper.ValidationRuleItemMapper.selectCount&#10;### The error occurred while executing a query&#10;### SQL: SELECT COUNT( * ) AS total FROM UCMS_VALIDATION_RULE_ITEM  WHERE is_deleted=0     AND (is_deleted = ?)&#10;### Cause: org.h2.jdbc.JdbcSQLSyntaxErrorException: Table &quot;UCMS_VALIDATION_RULE_ITEM&quot; not found (this database is empty); SQL statement:&#10;SELECT COUNT( * ) AS total FROM UCMS_VALIDATION_RULE_ITEM  WHERE is_deleted=0     AND (is_deleted = ?) [42104-224]&#10;; bad SQL grammar []" type="org.springframework.jdbc.BadSqlGrammarException"><![CDATA[org.springframework.jdbc.BadSqlGrammarException: 

### Error querying database.  Cause: org.h2.jdbc.JdbcSQLSyntaxErrorException: Table "UCMS_VALIDATION_RULE_ITEM" not found (this database is empty); SQL statement:
SELECT COUNT( * ) AS total FROM UCMS_VALIDATION_RULE_ITEM  WHERE is_deleted=0     AND (is_deleted = ?) [42104-224]
### The error may exist in com/newland/ucms/certificate/mapper/ValidationRuleItemMapper.java (best guess)
### The error may involve com.newland.ucms.certificate.mapper.ValidationRuleItemMapper.selectCount
### The error occurred while executing a query
### SQL: SELECT COUNT( * ) AS total FROM UCMS_VALIDATION_RULE_ITEM  WHERE is_deleted=0     AND (is_deleted = ?)
### Cause: org.h2.jdbc.JdbcSQLSyntaxErrorException: Table "UCMS_VALIDATION_RULE_ITEM" not found (this database is empty); SQL statement:
SELECT COUNT( * ) AS total FROM UCMS_VALIDATION_RULE_ITEM  WHERE is_deleted=0     AND (is_deleted = ?) [42104-224]
; bad SQL grammar []
	at org.springframework.jdbc.support.SQLExceptionSubclassTranslator.doTranslate(SQLExceptionSubclassTranslator.java:103)
	at org.springframework.jdbc.support.AbstractFallbackSQLExceptionTranslator.translate(AbstractFallbackSQLExceptionTranslator.java:107)
	at org.springframework.jdbc.support.AbstractFallbackSQLExceptionTranslator.translate(AbstractFallbackSQLExceptionTranslator.java:116)
	at org.mybatis.spring.MyBatisExceptionTranslator.translateExceptionIfPossible(MyBatisExceptionTranslator.java:92)
	at org.mybatis.spring.SqlSessionTemplate$SqlSessionInterceptor.invoke(SqlSessionTemplate.java:439)
	at jdk.proxy2/jdk.proxy2.$Proxy79.selectOne(Unknown Source)
	at org.mybatis.spring.SqlSessionTemplate.selectOne(SqlSessionTemplate.java:160)
	at com.baomidou.mybatisplus.core.override.MybatisMapperMethod.execute(MybatisMapperMethod.java:87)
	at com.baomidou.mybatisplus.core.override.MybatisMapperProxy$PlainMethodInvoker.invoke(MybatisMapperProxy.java:152)
	at com.baomidou.mybatisplus.core.override.MybatisMapperProxy.invoke(MybatisMapperProxy.java:89)
	at jdk.proxy2/jdk.proxy2.$Proxy90.selectCount(Unknown Source)
	at com.ucms.certificate.config.DatabaseConnectionTest.testValidationRuleItemQuery(DatabaseConnectionTest.java:102)
	at java.base/java.lang.reflect.Method.invoke(Method.java:568)
	at java.base/java.util.ArrayList.forEach(ArrayList.java:1511)
	at java.base/java.util.ArrayList.forEach(ArrayList.java:1511)
Caused by: org.h2.jdbc.JdbcSQLSyntaxErrorException: Table "UCMS_VALIDATION_RULE_ITEM" not found (this database is empty); SQL statement:
SELECT COUNT( * ) AS total FROM UCMS_VALIDATION_RULE_ITEM  WHERE is_deleted=0     AND (is_deleted = ?) [42104-224]
	at org.h2.message.DbException.getJdbcSQLException(DbException.java:514)
	at org.h2.message.DbException.getJdbcSQLException(DbException.java:489)
	at org.h2.message.DbException.get(DbException.java:223)
	at org.h2.message.DbException.get(DbException.java:199)
	at org.h2.command.Parser.getTableOrViewNotFoundDbException(Parser.java:8051)
	at org.h2.command.Parser.getTableOrViewNotFoundDbException(Parser.java:8035)
	at org.h2.command.Parser.readTableOrView(Parser.java:8024)
	at org.h2.command.Parser.readTablePrimary(Parser.java:1788)
	at org.h2.command.Parser.readTableReference(Parser.java:2268)
	at org.h2.command.Parser.parseSelectFromPart(Parser.java:2718)
	at org.h2.command.Parser.parseSelect(Parser.java:2824)
	at org.h2.command.Parser.parseQueryPrimary(Parser.java:2708)
	at org.h2.command.Parser.parseQueryTerm(Parser.java:2564)
	at org.h2.command.Parser.parseQueryExpressionBody(Parser.java:2543)
	at org.h2.command.Parser.parseQueryExpressionBodyAndEndOfQuery(Parser.java:2536)
	at org.h2.command.Parser.parseQueryExpression(Parser.java:2529)
	at org.h2.command.Parser.parseQuery(Parser.java:2498)
	at org.h2.command.Parser.parsePrepared(Parser.java:627)
	at org.h2.command.Parser.parse(Parser.java:592)
	at org.h2.command.Parser.parse(Parser.java:564)
	at org.h2.command.Parser.prepareCommand(Parser.java:483)
	at org.h2.engine.SessionLocal.prepareLocal(SessionLocal.java:639)
	at org.h2.engine.SessionLocal.prepareCommand(SessionLocal.java:559)
	at org.h2.jdbc.JdbcConnection.prepareCommand(JdbcConnection.java:1166)
	at org.h2.jdbc.JdbcPreparedStatement.<init>(JdbcPreparedStatement.java:93)
	at org.h2.jdbc.JdbcConnection.prepareStatement(JdbcConnection.java:316)
	at com.zaxxer.hikari.pool.ProxyConnection.prepareStatement(ProxyConnection.java:328)
	at com.zaxxer.hikari.pool.HikariProxyConnection.prepareStatement(HikariProxyConnection.java)
	at java.base/jdk.internal.reflect.NativeMethodAccessorImpl.invoke0(Native Method)
	at java.base/jdk.internal.reflect.NativeMethodAccessorImpl.invoke(NativeMethodAccessorImpl.java:77)
	at java.base/jdk.internal.reflect.DelegatingMethodAccessorImpl.invoke(DelegatingMethodAccessorImpl.java:43)
	at java.base/java.lang.reflect.Method.invoke(Method.java:568)
	at org.apache.ibatis.logging.jdbc.ConnectionLogger.invoke(ConnectionLogger.java:53)
	at jdk.proxy3/jdk.proxy3.$Proxy97.prepareStatement(Unknown Source)
	at org.apache.ibatis.executor.statement.PreparedStatementHandler.instantiateStatement(PreparedStatementHandler.java:88)
	at org.apache.ibatis.executor.statement.BaseStatementHandler.prepare(BaseStatementHandler.java:90)
	at org.apache.ibatis.executor.statement.RoutingStatementHandler.prepare(RoutingStatementHandler.java:60)
	at org.apache.ibatis.executor.SimpleExecutor.prepareStatement(SimpleExecutor.java:90)
	at org.apache.ibatis.executor.SimpleExecutor.doQuery(SimpleExecutor.java:64)
	at org.apache.ibatis.executor.BaseExecutor.queryFromDatabase(BaseExecutor.java:336)
	at org.apache.ibatis.executor.BaseExecutor.query(BaseExecutor.java:158)
	at org.apache.ibatis.executor.CachingExecutor.query(CachingExecutor.java:110)
	at org.apache.ibatis.executor.CachingExecutor.query(CachingExecutor.java:90)
	at org.apache.ibatis.session.defaults.DefaultSqlSession.selectList(DefaultSqlSession.java:154)
	at org.apache.ibatis.session.defaults.DefaultSqlSession.selectList(DefaultSqlSession.java:147)
	at org.apache.ibatis.session.defaults.DefaultSqlSession.selectList(DefaultSqlSession.java:142)
	at org.apache.ibatis.session.defaults.DefaultSqlSession.selectOne(DefaultSqlSession.java:75)
	at java.base/jdk.internal.reflect.NativeMethodAccessorImpl.invoke0(Native Method)
	at java.base/jdk.internal.reflect.NativeMethodAccessorImpl.invoke(NativeMethodAccessorImpl.java:77)
	at java.base/jdk.internal.reflect.DelegatingMethodAccessorImpl.invoke(DelegatingMethodAccessorImpl.java:43)
	at java.base/java.lang.reflect.Method.invoke(Method.java:568)
	at org.mybatis.spring.SqlSessionTemplate$SqlSessionInterceptor.invoke(SqlSessionTemplate.java:425)
	... 10 more
]]></error>
    <system-out><![CDATA[Creating a new SqlSession
SqlSession [org.apache.ibatis.session.defaults.DefaultSqlSession@341a25da] was not registered for synchronization because synchronization is not active
JDBC Connection [HikariProxyConnection@592551498 wrapping conn0: url=jdbc:h2:mem:testdb user=SA] will not be managed by Spring
==>  Preparing: SELECT COUNT( * ) AS total FROM UCMS_VALIDATION_RULE_ITEM WHERE is_deleted=0 AND (is_deleted = ?)
Closing non transactional SqlSession [org.apache.ibatis.session.defaults.DefaultSqlSession@341a25da]
]]></system-out>
  </testcase>
</testsuite>